<?xml version="1.0" encoding="UTF-8"?>
<testng-results skipped="0" failed="0" total="9" passed="9">
  <reporter-output>
  </reporter-output>
  <suite name="Default suite" duration-ms="35152" started-at="2017-12-22T18:20:41Z" finished-at="2017-12-22T18:21:17Z">
    <groups>
    </groups>
    <test name="Default test" duration-ms="35152" started-at="2017-12-22T18:20:41Z" finished-at="2017-12-22T18:21:17Z">
      <class name="testNGUnitTests.GenericPersistenceLayerTest">
        <test-method status="PASS" signature="springTestContextBeforeTestClass()[pri:0, instance:testNGUnitTests.GenericPersistenceLayerTest@799d4f69]" name="springTestContextBeforeTestClass" is-config="true" duration-ms="20" started-at="2017-12-22T13:20:41Z" finished-at="2017-12-22T13:20:42Z">
          <reporter-output>
          </reporter-output>
        </test-method> <!-- springTestContextBeforeTestClass -->
        <test-method status="PASS" signature="springTestContextPrepareTestInstance()[pri:0, instance:testNGUnitTests.GenericPersistenceLayerTest@799d4f69]" name="springTestContextPrepareTestInstance" is-config="true" duration-ms="10053" started-at="2017-12-22T13:20:42Z" depends-on-methods="org.springframework.test.context.testng.AbstractTestNGSpringContextTests.springTestContextBeforeTestClass" finished-at="2017-12-22T13:20:52Z">
          <reporter-output>
          </reporter-output>
        </test-method> <!-- springTestContextPrepareTestInstance -->
        <test-method status="PASS" signature="before()[pri:0, instance:testNGUnitTests.GenericPersistenceLayerTest@799d4f69]" name="before" is-config="true" duration-ms="3328" started-at="2017-12-22T13:20:52Z" finished-at="2017-12-22T13:20:55Z">
          <reporter-output>
          </reporter-output>
        </test-method> <!-- before -->
        <test-method status="PASS" signature="springTestContextBeforeTestMethod(java.lang.reflect.Method)[pri:0, instance:testNGUnitTests.GenericPersistenceLayerTest@799d4f69]" name="springTestContextBeforeTestMethod" is-config="true" duration-ms="0" started-at="2017-12-22T13:20:55Z" finished-at="2017-12-22T13:20:55Z">
          <params>
            <param index="0">
              <value>
                <![CDATA[public void testNGUnitTests.GenericPersistenceLayerTest.questionInsertTest()]]>
              </value>
            </param>
          </params>
          <reporter-output>
          </reporter-output>
        </test-method> <!-- springTestContextBeforeTestMethod -->
        <test-method status="PASS" signature="questionInsertTest()[pri:0, instance:testNGUnitTests.GenericPersistenceLayerTest@799d4f69]" name="questionInsertTest" duration-ms="1114" started-at="2017-12-22T13:20:55Z" finished-at="2017-12-22T13:20:56Z">
          <reporter-output>
          </reporter-output>
        </test-method> <!-- questionInsertTest -->
        <test-method status="PASS" signature="springTestContextAfterTestMethod(java.lang.reflect.Method)[pri:0, instance:testNGUnitTests.GenericPersistenceLayerTest@799d4f69]" name="springTestContextAfterTestMethod" is-config="true" duration-ms="0" started-at="2017-12-22T13:20:56Z" finished-at="2017-12-22T13:20:56Z">
          <params>
            <param index="0">
              <value>
                <![CDATA[public void testNGUnitTests.GenericPersistenceLayerTest.questionInsertTest()]]>
              </value>
            </param>
          </params>
          <reporter-output>
          </reporter-output>
        </test-method> <!-- springTestContextAfterTestMethod -->
        <test-method status="PASS" signature="insertReceiverTest()[pri:0, instance:testNGUnitTests.GenericPersistenceLayerTest@799d4f69]" name="insertReceiverTest" duration-ms="2902" started-at="2017-12-22T13:20:56Z" finished-at="2017-12-22T13:20:59Z">
          <reporter-output>
          </reporter-output>
        </test-method> <!-- insertReceiverTest -->
        <test-method status="PASS" signature="springTestContextBeforeTestMethod(java.lang.reflect.Method)[pri:0, instance:testNGUnitTests.GenericPersistenceLayerTest@799d4f69]" name="springTestContextBeforeTestMethod" is-config="true" duration-ms="0" started-at="2017-12-22T13:20:56Z" finished-at="2017-12-22T13:20:56Z">
          <params>
            <param index="0">
              <value>
                <![CDATA[public void testNGUnitTests.GenericPersistenceLayerTest.insertReceiverTest()]]>
              </value>
            </param>
          </params>
          <reporter-output>
          </reporter-output>
        </test-method> <!-- springTestContextBeforeTestMethod -->
        <test-method status="PASS" signature="springTestContextBeforeTestMethod(java.lang.reflect.Method)[pri:0, instance:testNGUnitTests.GenericPersistenceLayerTest@799d4f69]" name="springTestContextBeforeTestMethod" is-config="true" duration-ms="0" started-at="2017-12-22T13:20:59Z" finished-at="2017-12-22T13:20:59Z">
          <params>
            <param index="0">
              <value>
                <![CDATA[public void testNGUnitTests.GenericPersistenceLayerTest.userInsertTest()]]>
              </value>
            </param>
          </params>
          <reporter-output>
          </reporter-output>
        </test-method> <!-- springTestContextBeforeTestMethod -->
        <test-method status="PASS" signature="springTestContextAfterTestMethod(java.lang.reflect.Method)[pri:0, instance:testNGUnitTests.GenericPersistenceLayerTest@799d4f69]" name="springTestContextAfterTestMethod" is-config="true" duration-ms="0" started-at="2017-12-22T13:20:59Z" finished-at="2017-12-22T13:20:59Z">
          <params>
            <param index="0">
              <value>
                <![CDATA[public void testNGUnitTests.GenericPersistenceLayerTest.insertReceiverTest()]]>
              </value>
            </param>
          </params>
          <reporter-output>
          </reporter-output>
        </test-method> <!-- springTestContextAfterTestMethod -->
        <test-method status="PASS" signature="userInsertTest()[pri:0, instance:testNGUnitTests.GenericPersistenceLayerTest@799d4f69]" name="userInsertTest" duration-ms="1344" started-at="2017-12-22T13:20:59Z" finished-at="2017-12-22T13:21:00Z">
          <reporter-output>
          </reporter-output>
        </test-method> <!-- userInsertTest -->
        <test-method status="PASS" signature="springTestContextAfterTestMethod(java.lang.reflect.Method)[pri:0, instance:testNGUnitTests.GenericPersistenceLayerTest@799d4f69]" name="springTestContextAfterTestMethod" is-config="true" duration-ms="0" started-at="2017-12-22T13:21:00Z" finished-at="2017-12-22T13:21:00Z">
          <params>
            <param index="0">
              <value>
                <![CDATA[public void testNGUnitTests.GenericPersistenceLayerTest.userInsertTest()]]>
              </value>
            </param>
          </params>
          <reporter-output>
          </reporter-output>
        </test-method> <!-- springTestContextAfterTestMethod -->
        <test-method status="PASS" signature="springTestContextBeforeTestMethod(java.lang.reflect.Method)[pri:0, instance:testNGUnitTests.GenericPersistenceLayerTest@799d4f69]" name="springTestContextBeforeTestMethod" is-config="true" duration-ms="15" started-at="2017-12-22T13:21:00Z" finished-at="2017-12-22T13:21:00Z">
          <params>
            <param index="0">
              <value>
                <![CDATA[public void testNGUnitTests.GenericPersistenceLayerTest.readTopicTest()]]>
              </value>
            </param>
          </params>
          <reporter-output>
          </reporter-output>
        </test-method> <!-- springTestContextBeforeTestMethod -->
        <test-method status="PASS" signature="readTopicTest()[pri:0, instance:testNGUnitTests.GenericPersistenceLayerTest@799d4f69]" name="readTopicTest" duration-ms="125" started-at="2017-12-22T13:21:00Z" finished-at="2017-12-22T13:21:00Z">
          <reporter-output>
          </reporter-output>
        </test-method> <!-- readTopicTest -->
        <test-method status="PASS" signature="quizInsertTest()[pri:0, instance:testNGUnitTests.GenericPersistenceLayerTest@799d4f69]" name="quizInsertTest" duration-ms="2373" started-at="2017-12-22T13:21:00Z" depends-on-methods="testNGUnitTests.GenericPersistenceLayerTest.questionInsertTest" finished-at="2017-12-22T13:21:03Z">
          <reporter-output>
          </reporter-output>
        </test-method> <!-- quizInsertTest -->
        <test-method status="PASS" signature="springTestContextBeforeTestMethod(java.lang.reflect.Method)[pri:0, instance:testNGUnitTests.GenericPersistenceLayerTest@799d4f69]" name="springTestContextBeforeTestMethod" is-config="true" duration-ms="0" started-at="2017-12-22T13:21:00Z" finished-at="2017-12-22T13:21:00Z">
          <params>
            <param index="0">
              <value>
                <![CDATA[public void testNGUnitTests.GenericPersistenceLayerTest.quizInsertTest()]]>
              </value>
            </param>
          </params>
          <reporter-output>
          </reporter-output>
        </test-method> <!-- springTestContextBeforeTestMethod -->
        <test-method status="PASS" signature="springTestContextAfterTestMethod(java.lang.reflect.Method)[pri:0, instance:testNGUnitTests.GenericPersistenceLayerTest@799d4f69]" name="springTestContextAfterTestMethod" is-config="true" duration-ms="0" started-at="2017-12-22T13:21:00Z" finished-at="2017-12-22T13:21:00Z">
          <params>
            <param index="0">
              <value>
                <![CDATA[public void testNGUnitTests.GenericPersistenceLayerTest.readTopicTest()]]>
              </value>
            </param>
          </params>
          <reporter-output>
          </reporter-output>
        </test-method> <!-- springTestContextAfterTestMethod -->
        <test-method status="PASS" signature="certificationUploadTest()[pri:0, instance:testNGUnitTests.GenericPersistenceLayerTest@799d4f69]" name="certificationUploadTest" duration-ms="901" started-at="2017-12-22T13:21:03Z" depends-on-methods="testNGUnitTests.GenericPersistenceLayerTest.userInsertTest" finished-at="2017-12-22T13:21:04Z">
          <reporter-output>
          </reporter-output>
        </test-method> <!-- certificationUploadTest -->
        <test-method status="PASS" signature="springTestContextAfterTestMethod(java.lang.reflect.Method)[pri:0, instance:testNGUnitTests.GenericPersistenceLayerTest@799d4f69]" name="springTestContextAfterTestMethod" is-config="true" duration-ms="0" started-at="2017-12-22T13:21:03Z" finished-at="2017-12-22T13:21:03Z">
          <params>
            <param index="0">
              <value>
                <![CDATA[public void testNGUnitTests.GenericPersistenceLayerTest.quizInsertTest()]]>
              </value>
            </param>
          </params>
          <reporter-output>
          </reporter-output>
        </test-method> <!-- springTestContextAfterTestMethod -->
        <test-method status="PASS" signature="springTestContextBeforeTestMethod(java.lang.reflect.Method)[pri:0, instance:testNGUnitTests.GenericPersistenceLayerTest@799d4f69]" name="springTestContextBeforeTestMethod" is-config="true" duration-ms="0" started-at="2017-12-22T13:21:03Z" finished-at="2017-12-22T13:21:03Z">
          <params>
            <param index="0">
              <value>
                <![CDATA[public void testNGUnitTests.GenericPersistenceLayerTest.certificationUploadTest()]]>
              </value>
            </param>
          </params>
          <reporter-output>
          </reporter-output>
        </test-method> <!-- springTestContextBeforeTestMethod -->
        <test-method status="PASS" signature="insertMessageWithAttachmentsTest()[pri:0, instance:testNGUnitTests.GenericPersistenceLayerTest@799d4f69]" name="insertMessageWithAttachmentsTest" duration-ms="7736" started-at="2017-12-22T13:21:04Z" depends-on-methods="testNGUnitTests.GenericPersistenceLayerTest.userInsertTest, testNGUnitTests.GenericPersistenceLayerTest.insertReceiverTest" finished-at="2017-12-22T13:21:11Z">
          <reporter-output>
          </reporter-output>
        </test-method> <!-- insertMessageWithAttachmentsTest -->
        <test-method status="PASS" signature="springTestContextBeforeTestMethod(java.lang.reflect.Method)[pri:0, instance:testNGUnitTests.GenericPersistenceLayerTest@799d4f69]" name="springTestContextBeforeTestMethod" is-config="true" duration-ms="0" started-at="2017-12-22T13:21:04Z" finished-at="2017-12-22T13:21:04Z">
          <params>
            <param index="0">
              <value>
                <![CDATA[public void testNGUnitTests.GenericPersistenceLayerTest.insertMessageWithAttachmentsTest()]]>
              </value>
            </param>
          </params>
          <reporter-output>
          </reporter-output>
        </test-method> <!-- springTestContextBeforeTestMethod -->
        <test-method status="PASS" signature="springTestContextAfterTestMethod(java.lang.reflect.Method)[pri:0, instance:testNGUnitTests.GenericPersistenceLayerTest@799d4f69]" name="springTestContextAfterTestMethod" is-config="true" duration-ms="0" started-at="2017-12-22T13:21:04Z" finished-at="2017-12-22T13:21:04Z">
          <params>
            <param index="0">
              <value>
                <![CDATA[public void testNGUnitTests.GenericPersistenceLayerTest.certificationUploadTest()]]>
              </value>
            </param>
          </params>
          <reporter-output>
          </reporter-output>
        </test-method> <!-- springTestContextAfterTestMethod -->
        <test-method status="PASS" signature="springTestContextBeforeTestMethod(java.lang.reflect.Method)[pri:0, instance:testNGUnitTests.GenericPersistenceLayerTest@799d4f69]" name="springTestContextBeforeTestMethod" is-config="true" duration-ms="1" started-at="2017-12-22T13:21:11Z" finished-at="2017-12-22T13:21:11Z">
          <params>
            <param index="0">
              <value>
                <![CDATA[public void testNGUnitTests.GenericPersistenceLayerTest.insertNotificationTest()]]>
              </value>
            </param>
          </params>
          <reporter-output>
          </reporter-output>
        </test-method> <!-- springTestContextBeforeTestMethod -->
        <test-method status="PASS" signature="springTestContextAfterTestMethod(java.lang.reflect.Method)[pri:0, instance:testNGUnitTests.GenericPersistenceLayerTest@799d4f69]" name="springTestContextAfterTestMethod" is-config="true" duration-ms="0" started-at="2017-12-22T13:21:11Z" finished-at="2017-12-22T13:21:11Z">
          <params>
            <param index="0">
              <value>
                <![CDATA[public void testNGUnitTests.GenericPersistenceLayerTest.insertMessageWithAttachmentsTest()]]>
              </value>
            </param>
          </params>
          <reporter-output>
          </reporter-output>
        </test-method> <!-- springTestContextAfterTestMethod -->
        <test-method status="PASS" signature="insertNotificationTest()[pri:0, instance:testNGUnitTests.GenericPersistenceLayerTest@799d4f69]" name="insertNotificationTest" duration-ms="3744" started-at="2017-12-22T13:21:11Z" depends-on-methods="testNGUnitTests.GenericPersistenceLayerTest.userInsertTest, testNGUnitTests.GenericPersistenceLayerTest.insertReceiverTest" finished-at="2017-12-22T13:21:15Z">
          <reporter-output>
          </reporter-output>
        </test-method> <!-- insertNotificationTest -->
        <test-method status="PASS" signature="certificationViewTest()[pri:0, instance:testNGUnitTests.GenericPersistenceLayerTest@799d4f69]" name="certificationViewTest" duration-ms="1398" started-at="2017-12-22T13:21:15Z" depends-on-methods="testNGUnitTests.GenericPersistenceLayerTest.insertMessageWithAttachmentsTest" finished-at="2017-12-22T13:21:17Z">
          <reporter-output>
          </reporter-output>
        </test-method> <!-- certificationViewTest -->
        <test-method status="PASS" signature="springTestContextAfterTestMethod(java.lang.reflect.Method)[pri:0, instance:testNGUnitTests.GenericPersistenceLayerTest@799d4f69]" name="springTestContextAfterTestMethod" is-config="true" duration-ms="0" started-at="2017-12-22T13:21:15Z" finished-at="2017-12-22T13:21:15Z">
          <params>
            <param index="0">
              <value>
                <![CDATA[public void testNGUnitTests.GenericPersistenceLayerTest.insertNotificationTest()]]>
              </value>
            </param>
          </params>
          <reporter-output>
          </reporter-output>
        </test-method> <!-- springTestContextAfterTestMethod -->
        <test-method status="PASS" signature="springTestContextBeforeTestMethod(java.lang.reflect.Method)[pri:0, instance:testNGUnitTests.GenericPersistenceLayerTest@799d4f69]" name="springTestContextBeforeTestMethod" is-config="true" duration-ms="0" started-at="2017-12-22T13:21:15Z" finished-at="2017-12-22T13:21:15Z">
          <params>
            <param index="0">
              <value>
                <![CDATA[public void testNGUnitTests.GenericPersistenceLayerTest.certificationViewTest()]]>
              </value>
            </param>
          </params>
          <reporter-output>
          </reporter-output>
        </test-method> <!-- springTestContextBeforeTestMethod -->
        <test-method status="PASS" signature="springTestContextAfterTestMethod(java.lang.reflect.Method)[pri:0, instance:testNGUnitTests.GenericPersistenceLayerTest@799d4f69]" name="springTestContextAfterTestMethod" is-config="true" duration-ms="0" started-at="2017-12-22T13:21:17Z" finished-at="2017-12-22T13:21:17Z">
          <params>
            <param index="0">
              <value>
                <![CDATA[public void testNGUnitTests.GenericPersistenceLayerTest.certificationViewTest()]]>
              </value>
            </param>
          </params>
          <reporter-output>
          </reporter-output>
        </test-method> <!-- springTestContextAfterTestMethod -->
        <test-method status="PASS" signature="after()[pri:0, instance:testNGUnitTests.GenericPersistenceLayerTest@799d4f69]" name="after" is-config="true" duration-ms="62" started-at="2017-12-22T13:21:17Z" finished-at="2017-12-22T13:21:17Z">
          <reporter-output>
          </reporter-output>
        </test-method> <!-- after -->
        <test-method status="PASS" signature="springTestContextAfterTestClass()[pri:0, instance:testNGUnitTests.GenericPersistenceLayerTest@799d4f69]" name="springTestContextAfterTestClass" is-config="true" duration-ms="1" started-at="2017-12-22T13:21:17Z" finished-at="2017-12-22T13:21:17Z">
          <reporter-output>
          </reporter-output>
        </test-method> <!-- springTestContextAfterTestClass -->
      </class> <!-- testNGUnitTests.GenericPersistenceLayerTest -->
    </test> <!-- Default test -->
  </suite> <!-- Default suite -->
</testng-results>
