<?xml version="1.0" encoding="UTF-8"?>
<testng-results skipped="0" failed="0" total="3" passed="3">
  <reporter-output>
  </reporter-output>
  <suite name="Default suite" duration-ms="129554" started-at="2017-12-21T11:27:39Z" finished-at="2017-12-21T11:29:49Z">
    <groups>
    </groups>
    <test name="Default test" duration-ms="129554" started-at="2017-12-21T11:27:39Z" finished-at="2017-12-21T11:29:49Z">
      <class name="testNGUnitTests.GenericPersistenceLayerTest">
        <test-method status="PASS" signature="springTestContextBeforeTestClass()[pri:0, instance:testNGUnitTests.GenericPersistenceLayerTest@d5b810e]" name="springTestContextBeforeTestClass" is-config="true" duration-ms="50" started-at="2017-12-21T06:27:39Z" finished-at="2017-12-21T06:27:39Z">
          <reporter-output>
          </reporter-output>
        </test-method> <!-- springTestContextBeforeTestClass -->
        <test-method status="PASS" signature="springTestContextPrepareTestInstance()[pri:0, instance:testNGUnitTests.GenericPersistenceLayerTest@d5b810e]" name="springTestContextPrepareTestInstance" is-config="true" duration-ms="49962" started-at="2017-12-21T06:27:39Z" depends-on-methods="org.springframework.test.context.testng.AbstractTestNGSpringContextTests.springTestContextBeforeTestClass" finished-at="2017-12-21T06:28:29Z">
          <reporter-output>
          </reporter-output>
        </test-method> <!-- springTestContextPrepareTestInstance -->
        <test-method status="PASS" signature="before()[pri:0, instance:testNGUnitTests.GenericPersistenceLayerTest@d5b810e]" name="before" is-config="true" duration-ms="12435" started-at="2017-12-21T06:28:29Z" finished-at="2017-12-21T06:28:41Z">
          <reporter-output>
          </reporter-output>
        </test-method> <!-- before -->
        <test-method status="PASS" signature="springTestContextBeforeTestMethod(java.lang.reflect.Method)[pri:0, instance:testNGUnitTests.GenericPersistenceLayerTest@d5b810e]" name="springTestContextBeforeTestMethod" is-config="true" duration-ms="20" started-at="2017-12-21T06:28:42Z" finished-at="2017-12-21T06:28:42Z">
          <params>
            <param index="0">
              <value>
                <![CDATA[public void testNGUnitTests.GenericPersistenceLayerTest.userInsertTest()]]>
              </value>
            </param>
          </params>
          <reporter-output>
          </reporter-output>
        </test-method> <!-- springTestContextBeforeTestMethod -->
        <test-method status="PASS" signature="userInsertTest()[pri:0, instance:testNGUnitTests.GenericPersistenceLayerTest@d5b810e]" name="userInsertTest" duration-ms="17927" started-at="2017-12-21T06:28:42Z" finished-at="2017-12-21T06:28:59Z">
          <reporter-output>
          </reporter-output>
        </test-method> <!-- userInsertTest -->
        <test-method status="PASS" signature="springTestContextAfterTestMethod(java.lang.reflect.Method)[pri:0, instance:testNGUnitTests.GenericPersistenceLayerTest@d5b810e]" name="springTestContextAfterTestMethod" is-config="true" duration-ms="5" started-at="2017-12-21T06:28:59Z" finished-at="2017-12-21T06:28:59Z">
          <params>
            <param index="0">
              <value>
                <![CDATA[public void testNGUnitTests.GenericPersistenceLayerTest.userInsertTest()]]>
              </value>
            </param>
          </params>
          <reporter-output>
          </reporter-output>
        </test-method> <!-- springTestContextAfterTestMethod -->
        <test-method status="PASS" signature="springTestContextBeforeTestMethod(java.lang.reflect.Method)[pri:0, instance:testNGUnitTests.GenericPersistenceLayerTest@d5b810e]" name="springTestContextBeforeTestMethod" is-config="true" duration-ms="4" started-at="2017-12-21T06:28:59Z" finished-at="2017-12-21T06:28:59Z">
          <params>
            <param index="0">
              <value>
                <![CDATA[public void testNGUnitTests.GenericPersistenceLayerTest.questionInsertTest()]]>
              </value>
            </param>
          </params>
          <reporter-output>
          </reporter-output>
        </test-method> <!-- springTestContextBeforeTestMethod -->
        <test-method status="PASS" signature="questionInsertTest()[pri:0, instance:testNGUnitTests.GenericPersistenceLayerTest@d5b810e]" name="questionInsertTest" duration-ms="13169" started-at="2017-12-21T06:28:59Z" finished-at="2017-12-21T06:29:13Z">
          <reporter-output>
          </reporter-output>
        </test-method> <!-- questionInsertTest -->
        <test-method status="PASS" signature="springTestContextAfterTestMethod(java.lang.reflect.Method)[pri:0, instance:testNGUnitTests.GenericPersistenceLayerTest@d5b810e]" name="springTestContextAfterTestMethod" is-config="true" duration-ms="6" started-at="2017-12-21T06:29:13Z" finished-at="2017-12-21T06:29:13Z">
          <params>
            <param index="0">
              <value>
                <![CDATA[public void testNGUnitTests.GenericPersistenceLayerTest.questionInsertTest()]]>
              </value>
            </param>
          </params>
          <reporter-output>
          </reporter-output>
        </test-method> <!-- springTestContextAfterTestMethod -->
        <test-method status="PASS" signature="springTestContextBeforeTestMethod(java.lang.reflect.Method)[pri:0, instance:testNGUnitTests.GenericPersistenceLayerTest@d5b810e]" name="springTestContextBeforeTestMethod" is-config="true" duration-ms="5" started-at="2017-12-21T06:29:13Z" finished-at="2017-12-21T06:29:13Z">
          <params>
            <param index="0">
              <value>
                <![CDATA[public void testNGUnitTests.GenericPersistenceLayerTest.certificationUploadTest()]]>
              </value>
            </param>
          </params>
          <reporter-output>
          </reporter-output>
        </test-method> <!-- springTestContextBeforeTestMethod -->
        <test-method status="PASS" signature="certificationUploadTest()[pri:0, instance:testNGUnitTests.GenericPersistenceLayerTest@d5b810e]" name="certificationUploadTest" duration-ms="33286" started-at="2017-12-21T06:29:13Z" depends-on-methods="testNGUnitTests.GenericPersistenceLayerTest.userInsertTest" finished-at="2017-12-21T06:29:46Z">
          <reporter-output>
          </reporter-output>
        </test-method> <!-- certificationUploadTest -->
        <test-method status="PASS" signature="springTestContextAfterTestMethod(java.lang.reflect.Method)[pri:0, instance:testNGUnitTests.GenericPersistenceLayerTest@d5b810e]" name="springTestContextAfterTestMethod" is-config="true" duration-ms="13" started-at="2017-12-21T06:29:46Z" finished-at="2017-12-21T06:29:46Z">
          <params>
            <param index="0">
              <value>
                <![CDATA[public void testNGUnitTests.GenericPersistenceLayerTest.certificationUploadTest()]]>
              </value>
            </param>
          </params>
          <reporter-output>
          </reporter-output>
        </test-method> <!-- springTestContextAfterTestMethod -->
        <test-method status="PASS" signature="after()[pri:0, instance:testNGUnitTests.GenericPersistenceLayerTest@d5b810e]" name="after" is-config="true" duration-ms="2543" started-at="2017-12-21T06:29:46Z" finished-at="2017-12-21T06:29:49Z">
          <reporter-output>
          </reporter-output>
        </test-method> <!-- after -->
        <test-method status="PASS" signature="springTestContextAfterTestClass()[pri:0, instance:testNGUnitTests.GenericPersistenceLayerTest@d5b810e]" name="springTestContextAfterTestClass" is-config="true" duration-ms="3" started-at="2017-12-21T06:29:49Z" finished-at="2017-12-21T06:29:49Z">
          <reporter-output>
          </reporter-output>
        </test-method> <!-- springTestContextAfterTestClass -->
      </class> <!-- testNGUnitTests.GenericPersistenceLayerTest -->
    </test> <!-- Default test -->
  </suite> <!-- Default suite -->
</testng-results>
