<?xml version="1.0" encoding="UTF-8"?>
<!-- Generated by org.testng.reporters.JUnitXMLReporter -->
<testsuite hostname="Seans-MacBook-Pro.local" tests="4" failures="0" timestamp="20 Dec 2017 21:28:28 GMT" time="47.846" errors="0">
  <testcase name="certificationUploadTest" time="6.985" classname="PersistenceLayerTest"/>
  <testcase name="questionInsertTest" time="0.849" classname="PersistenceLayerTest"/>
  <testcase name="userInsertTest" time="0.379" classname="PersistenceLayerTest"/>
  <testcase name="certificationViewTest" time="0.867" classname="PersistenceLayerTest"/>
</testsuite>
